android_gradle_lib/build/intermediates/manifest_merge_blame_file/debug/manifest-merger-blame-debug-report.txt
1<?xml version="1.0" encoding="utf-8"?>
2<manifest xmlns:android="http://schemas.android.com/apk/res/android"
3    package="org.opencv"
4    android:versionCode="@OPENCV_VERSION_MAJOR@@OPENCV_VERSION_MINOR@@OPENCV_VERSION_PATCH@0"
5    android:versionName="@OPENCV_VERSION@" >
6
7    <uses-sdk
8        android:minSdkVersion="25"
8-->Enablor Final\android_gradle_lib\AndroidManifest.xml
9        android:targetSdkVersion="28" />
9-->Enablor Final\android_gradle_lib\AndroidManifest.xml
10
11</manifest>